<?xml version="1.0" encoding="UTF-8"?>
<!-- Generated by org.testng.reporters.JUnitXMLReporter -->
<testsuite ignored="0" hostname="DESKTOP-D27G46U" failures="0" tests="4" name="Test" time="8.129" errors="0" timestamp="2026-06-18T22:20:16 IST">
  <testcase classname="api.tests.UserTests" name="postUserTest" time="3.224"/>
  <testcase classname="api.tests.UserTests" name="getUserTest" time="1.099"/>
  <testcase classname="api.tests.UserTests" name="updateUserTest" time="2.164"/>
  <testcase classname="api.tests.UserTests" name="deleteUserTest" time="1.074"/>
</testsuite> <!-- Test -->
