<?xml version="1.0" encoding="UTF-8"?>
<testsuite xmlns:xsi="http://www.w3.org/2001/XMLSchema-instance" xsi:noNamespaceSchemaLocation="https://maven.apache.org/surefire/maven-surefire-plugin/xsd/surefire-test-report.xsd" version="3.0.2" name="api.tests.UserTests" time="8.915" tests="4" errors="0" skipped="0" failures="0" flakes="0">
  <properties>
[...]
</properties>
  <testcase name="postUserTest" classname="api.tests.UserTests" time="3.509">
    <system-out><![CDATA[********************Post user test  *************************
HTTP/1.1 200 OK
Date: Thu, 18 Jun 2026 17:08:44 GMT
Content-Type: application/json
Transfer-Encoding: chunked
Connection: keep-alive
Access-Control-Allow-Origin: *
Access-Control-Allow-Methods: GET, POST, DELETE, PUT
Access-Control-Allow-Headers: Content-Type, api_key, Authorization
Server: Jetty(9.2.9.v20150224)

{
    "code": 200,
    "type": "unknown",
    "message": "462526099"
}
]]></system-out>
    <system-err><![CDATA[SLF4J(W): No SLF4J providers were found.
SLF4J(W): Defaulting to no-operation (NOP) logger implementation
SLF4J(W): See https://www.slf4j.org/codes.html#noProviders for further details.
]]></system-err>
  </testcase>
  <testcase name="getUserTest" classname="api.tests.UserTests" time="1.343">
    <system-out><![CDATA[********************Get user test  *************************
HTTP/1.1 200 OK
Date: Thu, 18 Jun 2026 17:08:46 GMT
Content-Type: application/json
Transfer-Encoding: chunked
Connection: keep-alive
Access-Control-Allow-Origin: *
Access-Control-Allow-Methods: GET, POST, DELETE, PUT
Access-Control-Allow-Headers: Content-Type, api_key, Authorization
Server: Jetty(9.2.9.v20150224)

{
    "id": 462526099,
    "username": "jaleesa.purdy",
    "firstName": "Sadye",
    "lastName": "Pollich",
    "email": "dante.mosciski@example.com",
    "password": "19qvap7w",
    "phone": "1-708-411-6831",
    "userStatus": 0
}
]]></system-out>
  </testcase>
  <testcase name="updateUserTest" classname="api.tests.UserTests" time="2.585">
    <system-out><![CDATA[********************Update user test  *************************
HTTP/1.1 200 OK
Date: Thu, 18 Jun 2026 17:08:47 GMT
Content-Type: application/json
Transfer-Encoding: chunked
Connection: keep-alive
Access-Control-Allow-Origin: *
Access-Control-Allow-Methods: GET, POST, DELETE, PUT
Access-Control-Allow-Headers: Content-Type, api_key, Authorization
Server: Jetty(9.2.9.v20150224)

{
    "code": 200,
    "type": "unknown",
    "message": "462526099"
}
********************Updated Response *************************
HTTP/1.1 200 OK
Date: Thu, 18 Jun 2026 17:08:48 GMT
Content-Type: application/json
Transfer-Encoding: chunked
Connection: keep-alive
Access-Control-Allow-Origin: *
Access-Control-Allow-Methods: GET, POST, DELETE, PUT
Access-Control-Allow-Headers: Content-Type, api_key, Authorization
Server: Jetty(9.2.9.v20150224)

{
    "id": 462526099,
    "username": "jaleesa.purdy",
    "firstName": "Bryon",
    "lastName": "Collier",
    "email": "dante.mosciski@example.com",
    "password": "19qvap7w",
    "phone": "1-708-411-6831",
    "userStatus": 0
}
]]></system-out>
  </testcase>
  <testcase name="deleteUserTest" classname="api.tests.UserTests" time="1.266">
    <system-out><![CDATA[******************** Delete user test *************************
HTTP/1.1 200 OK
Date: Thu, 18 Jun 2026 17:08:50 GMT
Content-Type: application/json
Transfer-Encoding: chunked
Connection: keep-alive
Access-Control-Allow-Origin: *
Access-Control-Allow-Methods: GET, POST, DELETE, PUT
Access-Control-Allow-Headers: Content-Type, api_key, Authorization
Server: Jetty(9.2.9.v20150224)

{
    "id": 462526099,
    "username": "jaleesa.purdy",
    "firstName": "Bryon",
    "lastName": "Collier",
    "email": "dante.mosciski@example.com",
    "password": "19qvap7w",
    "phone": "1-708-411-6831",
    "userStatus": 0
}
]]></system-out>
  </testcase>
</testsuite>