<?xml version="1.0" encoding="UTF-8"?>
<testng-results ignored="0" total="4" passed="4" failed="0" skipped="0">
  <reporter-output>
  </reporter-output>
  <suite started-at="2026-06-18T22:20:07 IST" name="Suite" finished-at="2026-06-18T22:20:16 IST" duration-ms="8129">
    <groups>
    </groups>
    <test started-at="2026-06-18T22:20:07 IST" name="Test" finished-at="2026-06-18T22:20:16 IST" duration-ms="8129">
      <class name="api.tests.UserTests">
        <test-method is-config="true" signature="genratePayloads()[pri:0, instance:api.tests.UserTests@9d5509a]" started-at="2026-06-18T22:20:08 IST" name="genratePayloads" finished-at="2026-06-18T22:20:08 IST" duration-ms="213" status="PASS">
          <reporter-output>
          </reporter-output>
        </test-method> <!-- genratePayloads -->
        <test-method signature="postUserTest()[pri:1, instance:api.tests.UserTests@9d5509a]" started-at="2026-06-18T22:20:08 IST" name="postUserTest" finished-at="2026-06-18T22:20:11 IST" duration-ms="3224" status="PASS">
          <reporter-output>
          </reporter-output>
        </test-method> <!-- postUserTest -->
        <test-method signature="getUserTest()[pri:2, instance:api.tests.UserTests@9d5509a]" started-at="2026-06-18T22:20:11 IST" name="getUserTest" finished-at="2026-06-18T22:20:12 IST" duration-ms="1099" status="PASS">
          <reporter-output>
          </reporter-output>
        </test-method> <!-- getUserTest -->
        <test-method signature="updateUserTest()[pri:3, instance:api.tests.UserTests@9d5509a]" started-at="2026-06-18T22:20:12 IST" name="updateUserTest" finished-at="2026-06-18T22:20:15 IST" duration-ms="2164" status="PASS">
          <reporter-output>
          </reporter-output>
        </test-method> <!-- updateUserTest -->
        <test-method signature="deleteUserTest()[pri:4, instance:api.tests.UserTests@9d5509a]" started-at="2026-06-18T22:20:15 IST" name="deleteUserTest" finished-at="2026-06-18T22:20:16 IST" duration-ms="1074" status="PASS">
          <reporter-output>
          </reporter-output>
        </test-method> <!-- deleteUserTest -->
      </class> <!-- api.tests.UserTests -->
    </test> <!-- Test -->
  </suite> <!-- Suite -->
</testng-results>
