<?xml version="1.0" encoding="UTF-8"?>
<!-- Generated by org.testng.reporters.JUnitReportReporter -->
<testsuite hostname="DESKTOP-D27G46U" failures="0" tests="6" name="api.tests.UserTestDDT" time="9.855" errors="0" timestamp="2026-06-17T23:32:00 IST" skipped="0">
  <testcase classname="api.tests.UserTestDDT" name="postUserTest" time="3.351"/>
  <testcase classname="api.tests.UserTestDDT" name="postUserTest" time="1.329"/>
  <testcase classname="api.tests.UserTestDDT" name="postUserTest" time="1.327"/>
  <testcase classname="api.tests.UserTestDDT" name="deleteUserTest" time="1.274"/>
  <testcase classname="api.tests.UserTestDDT" name="deleteUserTest" time="1.274"/>
  <testcase classname="api.tests.UserTestDDT" name="deleteUserTest" time="1.300"/>
</testsuite> <!-- api.tests.UserTestDDT -->
