<?xml version="1.0" encoding="UTF-8"?>
<!-- Generated by org.testng.reporters.JUnitReportReporter -->
<testsuite hostname="DESKTOP-D27G46U" failures="0" tests="4" name="api.tests.UserTests" time="7.561" errors="0" timestamp="2026-06-18T22:20:16 IST" skipped="0">
  <testcase classname="api.tests.UserTests" name="postUserTest" time="3.224"/>
  <testcase classname="api.tests.UserTests" name="getUserTest" time="1.099"/>
  <testcase classname="api.tests.UserTests" name="updateUserTest" time="2.164"/>
  <testcase classname="api.tests.UserTests" name="deleteUserTest" time="1.074"/>
</testsuite> <!-- api.tests.UserTests -->
